<?xml version="1.0" encoding="UTF-8"?>
<testng-results skipped="0" failed="0" total="1" passed="1">
  <reporter-output>
  </reporter-output>
  <suite name="Default suite" duration-ms="2198" started-at="2017-12-04T20:20:11Z" finished-at="2017-12-04T20:20:13Z">
    <groups>
    </groups>
    <test name="Default test" duration-ms="2198" started-at="2017-12-04T20:20:11Z" finished-at="2017-12-04T20:20:13Z">
      <class name="Basic.TwitterResponseSpecs">
        <test-method status="PASS" signature="setup()[pri:0, instance:Basic.TwitterResponseSpecs@5034c75a]" name="setup" is-config="true" duration-ms="423" started-at="2017-12-04T15:20:11Z" finished-at="2017-12-04T15:20:11Z">
          <reporter-output>
          </reporter-output>
        </test-method> <!-- setup -->
        <test-method status="PASS" signature="AssertTweetTest()[pri:0, instance:Basic.TwitterResponseSpecs@5034c75a]" name="AssertTweetTest" duration-ms="1764" started-at="2017-12-04T15:20:11Z" finished-at="2017-12-04T15:20:13Z">
          <reporter-output>
          </reporter-output>
        </test-method> <!-- AssertTweetTest -->
      </class> <!-- Basic.TwitterResponseSpecs -->
    </test> <!-- Default test -->
  </suite> <!-- Default suite -->
</testng-results>
